<?xml version="1.0" encoding="UTF-8"?>
<!-- Generated by org.testng.reporters.JUnitReportReporter -->
<testsuite skipped="0" hostname="Davny1128-PC" name="TestCase.OrangeHRMTestCase" tests="1" failures="0" timestamp="04 May 2019 22:35:10 GMT" time="1.783" errors="0">
  <testcase name="loginPositive" time="1.783" classname="TestCase.OrangeHRMTestCase"/>
</testsuite> <!-- TestCase.OrangeHRMTestCase -->
